Determining if the Q_WS_WIN exist failed with the following output:
Change Dir: /home/iwan/projects/jabiru/z2sim/build/CMakeFiles/CMakeTmp

Run Build Command(s):/usr/bin/make cmTC_33a5b/fast && /usr/bin/make -f CMakeFiles/cmTC_33a5b.dir/build.make CMakeFiles/cmTC_33a5b.dir/build
make[1]: Entering directory '/home/iwan/projects/jabiru/z2sim/build/CMakeFiles/CMakeTmp'
Building CXX object CMakeFiles/cmTC_33a5b.dir/CheckSymbolExists.cxx.o
/usr/bin/c++   -I/usr/include/qt4   -o CMakeFiles/cmTC_33a5b.dir/CheckSymbolExists.cxx.o -c /home/iwan/projects/jabiru/z2sim/build/CMakeFiles/CMakeTmp/CheckSymbolExists.cxx
/home/iwan/projects/jabiru/z2sim/build/CMakeFiles/CMakeTmp/CheckSymbolExists.cxx: In function ‘int main(int, char**)’:
/home/iwan/projects/jabiru/z2sim/build/CMakeFiles/CMakeTmp/CheckSymbolExists.cxx:8:19: error: ‘Q_WS_WIN’ was not declared in this scope
   return ((int*)(&Q_WS_WIN))[argc];
                   ^~~~~~~~
CMakeFiles/cmTC_33a5b.dir/build.make:65: recipe for target 'CMakeFiles/cmTC_33a5b.dir/CheckSymbolExists.cxx.o' failed
make[1]: *** [CMakeFiles/cmTC_33a5b.dir/CheckSymbolExists.cxx.o] Error 1
make[1]: Leaving directory '/home/iwan/projects/jabiru/z2sim/build/CMakeFiles/CMakeTmp'
Makefile:121: recipe for target 'cmTC_33a5b/fast' failed
make: *** [cmTC_33a5b/fast] Error 2


File /home/iwan/projects/jabiru/z2sim/build/CMakeFiles/CMakeTmp/CheckSymbolExists.cxx:
/* */
#include <QtCore/qglobal.h>

int main(int argc, char** argv)
{
  (void)argv;
#ifndef Q_WS_WIN
  return ((int*)(&Q_WS_WIN))[argc];
#else
  (void)argc;
  return 0;
#endif
}
Determining if the Q_WS_QWS exist failed with the following output:
Change Dir: /home/iwan/projects/jabiru/z2sim/build/CMakeFiles/CMakeTmp

Run Build Command(s):/usr/bin/make cmTC_e7879/fast && /usr/bin/make -f CMakeFiles/cmTC_e7879.dir/build.make CMakeFiles/cmTC_e7879.dir/build
make[1]: Entering directory '/home/iwan/projects/jabiru/z2sim/build/CMakeFiles/CMakeTmp'
Building CXX object CMakeFiles/cmTC_e7879.dir/CheckSymbolExists.cxx.o
/usr/bin/c++   -I/usr/include/qt4   -o CMakeFiles/cmTC_e7879.dir/CheckSymbolExists.cxx.o -c /home/iwan/projects/jabiru/z2sim/build/CMakeFiles/CMakeTmp/CheckSymbolExists.cxx
/home/iwan/projects/jabiru/z2sim/build/CMakeFiles/CMakeTmp/CheckSymbolExists.cxx: In function ‘int main(int, char**)’:
/home/iwan/projects/jabiru/z2sim/build/CMakeFiles/CMakeTmp/CheckSymbolExists.cxx:8:19: error: ‘Q_WS_QWS’ was not declared in this scope
   return ((int*)(&Q_WS_QWS))[argc];
                   ^~~~~~~~
CMakeFiles/cmTC_e7879.dir/build.make:65: recipe for target 'CMakeFiles/cmTC_e7879.dir/CheckSymbolExists.cxx.o' failed
make[1]: *** [CMakeFiles/cmTC_e7879.dir/CheckSymbolExists.cxx.o] Error 1
make[1]: Leaving directory '/home/iwan/projects/jabiru/z2sim/build/CMakeFiles/CMakeTmp'
Makefile:121: recipe for target 'cmTC_e7879/fast' failed
make: *** [cmTC_e7879/fast] Error 2


File /home/iwan/projects/jabiru/z2sim/build/CMakeFiles/CMakeTmp/CheckSymbolExists.cxx:
/* */
#include <QtCore/qglobal.h>

int main(int argc, char** argv)
{
  (void)argv;
#ifndef Q_WS_QWS
  return ((int*)(&Q_WS_QWS))[argc];
#else
  (void)argc;
  return 0;
#endif
}
Determining if the Q_WS_MAC exist failed with the following output:
Change Dir: /home/iwan/projects/jabiru/z2sim/build/CMakeFiles/CMakeTmp

Run Build Command(s):/usr/bin/make cmTC_2508d/fast && /usr/bin/make -f CMakeFiles/cmTC_2508d.dir/build.make CMakeFiles/cmTC_2508d.dir/build
make[1]: Entering directory '/home/iwan/projects/jabiru/z2sim/build/CMakeFiles/CMakeTmp'
Building CXX object CMakeFiles/cmTC_2508d.dir/CheckSymbolExists.cxx.o
/usr/bin/c++   -I/usr/include/qt4   -o CMakeFiles/cmTC_2508d.dir/CheckSymbolExists.cxx.o -c /home/iwan/projects/jabiru/z2sim/build/CMakeFiles/CMakeTmp/CheckSymbolExists.cxx
/home/iwan/projects/jabiru/z2sim/build/CMakeFiles/CMakeTmp/CheckSymbolExists.cxx: In function ‘int main(int, char**)’:
/home/iwan/projects/jabiru/z2sim/build/CMakeFiles/CMakeTmp/CheckSymbolExists.cxx:8:19: error: ‘Q_WS_MAC’ was not declared in this scope
   return ((int*)(&Q_WS_MAC))[argc];
                   ^~~~~~~~
CMakeFiles/cmTC_2508d.dir/build.make:65: recipe for target 'CMakeFiles/cmTC_2508d.dir/CheckSymbolExists.cxx.o' failed
make[1]: *** [CMakeFiles/cmTC_2508d.dir/CheckSymbolExists.cxx.o] Error 1
make[1]: Leaving directory '/home/iwan/projects/jabiru/z2sim/build/CMakeFiles/CMakeTmp'
Makefile:121: recipe for target 'cmTC_2508d/fast' failed
make: *** [cmTC_2508d/fast] Error 2


File /home/iwan/projects/jabiru/z2sim/build/CMakeFiles/CMakeTmp/CheckSymbolExists.cxx:
/* */
#include <QtCore/qglobal.h>

int main(int argc, char** argv)
{
  (void)argv;
#ifndef Q_WS_MAC
  return ((int*)(&Q_WS_MAC))[argc];
#else
  (void)argc;
  return 0;
#endif
}
